Arguments: 
  C:\Program Files\nodejs\node.exe C:\Users\krist\AppData\Roaming\npm\node_modules\yarn\bin\yarn.js init

PATH: 
  C:\Users\krist\bin;C:\Program Files\Git\mingw64\bin;C:\Program Files\Git\usr\local\bin;C:\Program Files\Git\usr\bin;C:\Program Files\Git\usr\bin;C:\Program Files\Git\mingw64\bin;C:\Program Files\Git\usr\bin;C:\Users\krist\bin;C:\Program Files\Eclipse Foundation\jdk-11.0.12.7-hotspot\bin;C:\Program Files\Java\jdk1.8.0_301\bin;C:\Python39\Scripts;C:\Python39;C:\Program Files (x86)\Common Files\Oracle\Java\javapath;C:\Windows\system32;C:\Windows;C:\Windows\System32\Wbem;C:\Windows\System32\WindowsPowerShell\v1.0;C:\Windows\System32\OpenSSH;C:\Program Files\Microsoft SQL Server\Client SDK\ODBC\170\Tools\Binn;C:\Program Files (x86)\Microsoft SQL Server\150\Tools\Binn;C:\Program Files\Microsoft SQL Server\150\Tools\Binn;C:\Program Files\Microsoft SQL Server\150\DTS\Binn;C:\Program Files (x86)\Microsoft SQL Server\150\DTS\Binn;C:\Program Files\Java\jdk-11;C:\Program Files\Git\cmd;C:\Program Files\dotnet;C:\Stuff\Semester 3\Gradle\gradle-7.2\bin;C:\Program Files\nodejs;C:\ProgramData\chocolatey\bin;C:\Users\krist\AppData\Local\Microsoft\WindowsApps;C:\Users\krist\.dotnet\tools;C:\Users\krist\AppData\Local\Programs\Microsoft VS Code\bin;C:\Program Files\JetBrains\IntelliJ IDEA 2021.2.1\bin;C:\Stuff\Semester 3\OpenJDK\jdk-16.0.1\bin;C:\Users\krist\AppData\Roaming\npm;C:\Stuff\Semester 3\Gradle\gradle-7.2\bin;C:\Program Files\Git\usr\bin\vendor_perl;C:\Program Files\Git\usr\bin\core_perl

Yarn version: 
  1.22.15

Node version: 
  14.17.6

Platform: 
  win32 x64

Trace: 
  Error: Can't answer a question unless a user TTY
      at ConsoleReporter.question (C:\Users\krist\AppData\Roaming\npm\node_modules\yarn\lib\cli.js:92859:59)
      at Object.<anonymous> (C:\Users\krist\AppData\Roaming\npm\node_modules\yarn\lib\cli.js:85049:38)
      at Generator.next (<anonymous>)
      at step (C:\Users\krist\AppData\Roaming\npm\node_modules\yarn\lib\cli.js:310:30)
      at C:\Users\krist\AppData\Roaming\npm\node_modules\yarn\lib\cli.js:321:13
      at processTicksAndRejections (internal/process/task_queues.js:95:5)

npm manifest: 
  No manifest

yarn manifest: 
  No manifest

Lockfile: 
  No lockfile
